0 info it worked if it ends with ok
1 verbose cli [ '/usr/local/bin/node',
1 verbose cli   '/Users/z035002/.node/bin/npm',
1 verbose cli   'edit',
1 verbose cli   'hugulp' ]
2 info using npm@3.3.10
3 info using node@v5.2.0
4 verbose stack Error: ENOENT: no such file or directory, lstat '/Users/z035002/Documents/personal-git/hugulp/node_modules/hugulp'
4 verbose stack     at Error (native)
5 verbose cwd /Users/z035002/Documents/personal-git/hugulp
6 error Darwin 15.6.0
7 error argv "/usr/local/bin/node" "/Users/z035002/.node/bin/npm" "edit" "hugulp"
8 error node v5.2.0
9 error npm  v3.3.10
10 error path /Users/z035002/Documents/personal-git/hugulp/node_modules/hugulp
11 error code ENOENT
12 error errno -2
13 error syscall lstat
14 error enoent ENOENT: no such file or directory, lstat '/Users/z035002/Documents/personal-git/hugulp/node_modules/hugulp'
14 error enoent This is most likely not a problem with npm itself
14 error enoent and is related to npm not being able to find a file.
15 verbose exit [ -2, true ]
